<?xml version="1.0" encoding="UTF-8"?>
<testsuite xmlns:xsi="http://www.w3.org/2001/XMLSchema-instance" xsi:noNamespaceSchemaLocation="https://maven.apache.org/surefire/maven-surefire-plugin/xsd/surefire-test-report.xsd" version="3.0.2" name="com.phc.phc_ai_code_platform.PhcAiCodePlatformApplicationTests" time="3.269" tests="1" errors="0" skipped="0" failures="0">
  <properties>
[...]
</properties>
  <testcase name="contextLoads" classname="com.phc.phc_ai_code_platform.PhcAiCodePlatformApplicationTests" time="0.805">
    <system-out><![CDATA[20:40:03.438 [main] INFO org.springframework.test.context.support.AnnotationConfigContextLoaderUtils -- Could not detect default configuration classes for test class [com.phc.phc_ai_code_platform.PhcAiCodePlatformApplicationTests]: PhcAiCodePlatformApplicationTests does not declare any static, non-private, non-final, nested classes annotated with @Configuration.
20:40:03.565 [main] INFO org.springframework.boot.test.context.SpringBootTestContextBootstrapper -- Found @SpringBootConfiguration com.phc.phc_ai_code_platform.PhcAiCodePlatformApplication for test class com.phc.phc_ai_code_platform.PhcAiCodePlatformApplicationTests
20:40:03.764 [main] INFO org.springframework.boot.devtools.restart.RestartApplicationListener -- Restart disabled due to context in which it is running

  .   ____          _            __ _ _
 /\\ / ___'_ __ _ _(_)_ __  __ _ \ \ \ \
( ( )\___ | '_ | '_| | '_ \/ _` | \ \ \ \
 \\/  ___)| |_)| | | | | || (_| |  ) ) ) )
  '  |____| .__|_| |_|_| |_\__, | / / / /
 =========|_|==============|___/=/_/_/_/

 :: Spring Boot ::                (v3.5.5)

2025-08-30T20:40:04.108+08:00  INFO 22424 --- [yu-ai-code-mother-backend] [           main] c.p.p.PhcAiCodePlatformApplicationTests  : Starting PhcAiCodePlatformApplicationTests using Java 21.0.8 with PID 22424 (started by Armior0 in E:\JAVA\phc-ai-code-platform)
2025-08-30T20:40:04.110+08:00  INFO 22424 --- [yu-ai-code-mother-backend] [           main] c.p.p.PhcAiCodePlatformApplicationTests  : No active profile set, falling back to 1 default profile: "default"
2025-08-30T20:40:05.348+08:00  INFO 22424 --- [yu-ai-code-mother-backend] [           main] o.s.v.b.OptionalValidatorFactoryBean     : Failed to set up a Bean Validation provider: jakarta.validation.NoProviderFoundException: Unable to create a Configuration, because no Jakarta Bean Validation provider could be found. Add a provider like Hibernate Validator (RI) to your classpath.
2025-08-30T20:40:05.714+08:00  INFO 22424 --- [yu-ai-code-mother-backend] [           main] c.p.p.PhcAiCodePlatformApplicationTests  : Started PhcAiCodePlatformApplicationTests in 1.966 seconds (process running for 2.998)
2025-08-30T20:40:05.720+08:00  INFO 22424 --- [yu-ai-code-mother-backend] [           main] c.p.p.ApplicationStartupListener         : API接口测试文档地址: http://localhost:8123/api/doc.html
]]></system-out>
    <system-err><![CDATA[Mockito is currently self-attaching to enable the inline-mock-maker. This will no longer work in future releases of the JDK. Please add Mockito as an agent to your build as described in Mockito's documentation: https://javadoc.io/doc/org.mockito/mockito-core/latest/org.mockito/org/mockito/Mockito.html#0.3
WARNING: A Java agent has been loaded dynamically (C:\Users\Armior0\.m2\repository\net\bytebuddy\byte-buddy-agent\1.17.7\byte-buddy-agent-1.17.7.jar)
WARNING: If a serviceability tool is in use, please run with -XX:+EnableDynamicAgentLoading to hide this warning
WARNING: If a serviceability tool is not in use, please run with -Djdk.instrument.traceUsage for more information
WARNING: Dynamic loading of agents will be disallowed by default in a future release
]]></system-err>
  </testcase>
</testsuite>