<?xml version="1.0" encoding="UTF-8"?>
<testsuite xmlns:xsi="http://www.w3.org/2001/XMLSchema-instance" xsi:noNamespaceSchemaLocation="https://maven.apache.org/surefire/maven-surefire-plugin/xsd/surefire-test-report.xsd" version="3.0.2" name="com.phc.phc_ai_code_platform.PhcAiCodePlatformApplicationTests" time="5.231" tests="1" errors="0" skipped="0" failures="0">
  <properties>
[...]
</properties>
  <testcase name="contextLoads" classname="com.phc.phc_ai_code_platform.PhcAiCodePlatformApplicationTests" time="0.831">
    <system-out><![CDATA[23:59:44.249 [main] INFO org.springframework.test.context.support.AnnotationConfigContextLoaderUtils -- Could not detect default configuration classes for test class [com.phc.phc_ai_code_platform.PhcAiCodePlatformApplicationTests]: PhcAiCodePlatformApplicationTests does not declare any static, non-private, non-final, nested classes annotated with @Configuration.
23:59:44.386 [main] INFO org.springframework.boot.test.context.SpringBootTestContextBootstrapper -- Found @SpringBootConfiguration com.phc.phc_ai_code_platform.PhcAiCodePlatformApplication for test class com.phc.phc_ai_code_platform.PhcAiCodePlatformApplicationTests
23:59:44.614 [main] INFO org.springframework.boot.devtools.restart.RestartApplicationListener -- Restart disabled due to context in which it is running

  .   ____          _            __ _ _
 /\\ / ___'_ __ _ _(_)_ __  __ _ \ \ \ \
( ( )\___ | '_ | '_| | '_ \/ _` | \ \ \ \
 \\/  ___)| |_)| | | | | || (_| |  ) ) ) )
  '  |____| .__|_| |_|_| |_\__, | / / / /
 =========|_|==============|___/=/_/_/_/

 :: Spring Boot ::                (v3.5.5)

2025-09-05T23:59:44.966+08:00  INFO 19632 --- [yu-ai-code-mother-backend] [           main] c.p.p.PhcAiCodePlatformApplicationTests  : Starting PhcAiCodePlatformApplicationTests using Java 21.0.8 with PID 19632 (started by Armior0 in E:\JAVA\ai-generation-platform)
2025-09-05T23:59:44.967+08:00  INFO 19632 --- [yu-ai-code-mother-backend] [           main] c.p.p.PhcAiCodePlatformApplicationTests  : No active profile set, falling back to 1 default profile: "default"
  __  __       _           _   _       _____ _           
 |  \/  |_   _| |__   __ _| |_(_)___  |  ___| | _____  __
 | |\/| | | | | '_ \ / _` | __| / __| | |_  | |/ _ \ \/ /
 | |  | | |_| | |_) | (_| | |_| \__ \ |  _| | |  __/>  < 
 |_|  |_|\__, |_.__/ \__,_|\__|_|___/ |_|   |_|\___/_/\_\
         |___/ v1.11.0 https://mybatis-flex.com
2025-09-05T23:59:47.672+08:00  INFO 19632 --- [yu-ai-code-mother-backend] [           main] o.s.v.b.OptionalValidatorFactoryBean     : Failed to set up a Bean Validation provider: jakarta.validation.NoProviderFoundException: Unable to create a Configuration, because no Jakarta Bean Validation provider could be found. Add a provider like Hibernate Validator (RI) to your classpath.
2025-09-05T23:59:48.445+08:00  INFO 19632 --- [yu-ai-code-mother-backend] [           main] c.p.p.PhcAiCodePlatformApplicationTests  : Started PhcAiCodePlatformApplicationTests in 3.845 seconds (process running for 4.922)
2025-09-05T23:59:48.454+08:00  INFO 19632 --- [yu-ai-code-mother-backend] [           main] c.p.p.ApplicationStartupListener         : API接口测试文档地址: http://localhost:8123/api/doc.html
]]></system-out>
    <system-err><![CDATA[Mockito is currently self-attaching to enable the inline-mock-maker. This will no longer work in future releases of the JDK. Please add Mockito as an agent to your build as described in Mockito's documentation: https://javadoc.io/doc/org.mockito/mockito-core/latest/org.mockito/org/mockito/Mockito.html#0.3
WARNING: A Java agent has been loaded dynamically (E:\software\apache-maven-3.9.9\maven-repo\net\bytebuddy\byte-buddy-agent\1.17.7\byte-buddy-agent-1.17.7.jar)
WARNING: If a serviceability tool is in use, please run with -XX:+EnableDynamicAgentLoading to hide this warning
WARNING: If a serviceability tool is not in use, please run with -Djdk.instrument.traceUsage for more information
WARNING: Dynamic loading of agents will be disallowed by default in a future release
]]></system-err>
  </testcase>
</testsuite>